* ******************************************************************************

* iCEcube Placer

* Version:            2017.08.27940

* Build Date:         Sep 11 2017 17:12:22

* File Generated:     Feb 5 2018 19:20:31

* Purpose:            

* Copyright (C) 2006-2010 by Lattice Semiconductor Corp. All rights reserved.

* ******************************************************************************

Executing : D:\ICEcube2\sbt_backend\bin\win32\opt\sbtplacer.exe --des-lib D:/ICEcube2/sbt_backend/Projects/SPI/SPI_Implmnt\pr_1\sbt\netlist\oadb-SPI_TEST_MODULE --outdir D:/ICEcube2/sbt_backend/Projects/SPI/SPI_Implmnt\pr_1\sbt\outputs\placer --device-file D:\ICEcube2\sbt_backend\devices\ICE40T05.dev --package SG48 --deviceMarketName iCE40UP5K --sdc-file D:/ICEcube2/sbt_backend/Projects/SPI/SPI_Implmnt\pr_1\sbt\Temp/sbt_temp.sdc --lib-file D:\ICEcube2\sbt_backend\devices\ice40UP5K.lib --effort_level std --out-sdc-file D:/ICEcube2/sbt_backend/Projects/SPI/SPI_Implmnt\pr_1\sbt\outputs\placer\SPI_TEST_MODULE_pl.sdc
I2004: Option and Settings Summary
=============================================================
Device file          - D:\ICEcube2\sbt_backend\devices\ICE40T05.dev
Package              - SG48
Design database      - D:/ICEcube2/sbt_backend/Projects/SPI/SPI_Implmnt\pr_1\sbt\netlist\oadb-SPI_TEST_MODULE
SDC file             - D:/ICEcube2/sbt_backend/Projects/SPI/SPI_Implmnt\pr_1\sbt\Temp/sbt_temp.sdc
Output directory     - D:/ICEcube2/sbt_backend/Projects/SPI/SPI_Implmnt\pr_1\sbt\outputs\placer
Timing library       - D:\ICEcube2\sbt_backend\devices\ice40UP5K.lib
Effort level         - std

I2050: Starting reading inputs for placer
=============================================================
I2100: Reading design library: D:/ICEcube2/sbt_backend/Projects/SPI/SPI_Implmnt\pr_1\sbt\netlist\oadb-SPI_TEST_MODULE/BFPGA_DESIGN_ep
I2065: Reading device file : D:\ICEcube2\sbt_backend\devices\ICE40T05.dev
I2051: Reading of inputs for placer completed successfully

I2053: Starting placement of the design
=============================================================

Input Design Statistics
    Number of LUTs      	:	19
    Number of DFFs      	:	34
    Number of DFFs packed to IO	:	0
    Number of Carrys    	:	0
    Number of RAMs      	:	0
    Number of ROMs      	:	0
    Number of IOs       	:	6
    Number of GBIOs     	:	0
    Number of GBs       	:	1
    Number of WarmBoot  	:	0
    Number of PLLs      	:	1
    Number of I2Cs      	:	0
    Number of SPIs      	:	0
    Number of DSPs     	:	0
    Number of SBIOODs     	:	0
    Number of LEDDAIPs     	:	0
    Number of RGBADRVs     	:	0
    Number of LFOSCs     	:	0
    Number of HFOSCs     	:	0
    Number of FILTER_50NSs     	:	0
    Number of SPRAMs     	:	0


Phase 1
I2077: Start design legalization
W2732: The net connected to LEDR_obuf:DOUT0 is multi-fanout, set_io_ff is not supported incase of muti-fanout
W2729: set_io_ff -out constraint specified on 'LEDR' pin is infeasible. Ignoring the constraint
W2731: The terminal LEDR_obuf:OUTPUTENABLE is not connected
W2729: set_io_ff -oe constraint specified on 'LEDR' pin is infeasible. Ignoring the constraint
W2732: The net connected to LEDG_obuf:DOUT0 is multi-fanout, set_io_ff is not supported incase of muti-fanout
W2729: set_io_ff -out constraint specified on 'LEDG' pin is infeasible. Ignoring the constraint
W2731: The terminal LEDG_obuf:OUTPUTENABLE is not connected
W2729: set_io_ff -oe constraint specified on 'LEDG' pin is infeasible. Ignoring the constraint

Design Legalization Statistics
    Number of feedthru LUTs inserted to legalize input of DFFs     	:	21
    Number of feedthru LUTs inserted for LUTs driving multiple DFFs	:	0
    Number of LUTs replicated for LUTs driving multiple DFFs       	:	0
    Number of feedthru LUTs inserted to legalize output of CARRYs  	:	0
    Number of feedthru LUTs inserted to legalize global signals    	:	0
    Number of feedthru CARRYs inserted to legalize input of CARRYs 	:	0
    Number of inserted LUTs to Legalize IOs with PIN_TYPE= 01xxxx  	:	0
    Number of inserted LUTs to Legalize IOs with PIN_TYPE= 10xxxx  	:	0
    Number of inserted LUTs to Legalize IOs with PIN_TYPE= 11xxxx  	:	0
    Total LUTs inserted                                            	:	21
    Total CARRYs inserted                                          	:	0


I2078: Design legalization is completed successfully
I2088: Phase 1, elapsed time : 0.0 (sec)


Phase 2
I2088: Phase 2, elapsed time : 0.0 (sec)

Phase 3
Info-1404: Inferred PLL generated clock at mypll_inst.mypll_inst/PLLOUTCORE
Info-1404: Inferred PLL generated clock at mypll_inst.mypll_inst/PLLOUTGLOBAL

Design Statistics after Packing
    Number of LUTs      	:	41
    Number of DFFs      	:	33
    Number of DFFs packed to IO	:	1
    Number of Carrys    	:	0

Device Utilization Summary after Packing
    Sequential LogicCells
        LUT and DFF      	:	33
        LUT, DFF and CARRY	:	0
    Combinational LogicCells
        Only LUT         	:	8
        CARRY Only       	:	0
        LUT with CARRY   	:	0
    LogicCells                  :	41/5280
    PLBs                        :	6/660
    BRAMs                       :	0/30
    IOs and GBIOs               :	6/36
    PLLs                        :	1/1
    I2Cs                        :	0/2
    SPIs                        :	0/2
    DSPs                        :	0/8
    SBIOODs                     :	0/3
    RGBADRVs                    :	0/1
    LEDDAIPs                    :	0/1
    LFOSCs                      :	0/1
    HFOSCs                      :	0/1
    SPRAMs                      :	0/4
    FILTER50NSs                 :	0/2


I2088: Phase 3, elapsed time : 0.4 (sec)

Phase 4
I2108: 0 SB_IO_I3C instances present in the design. 2 I3C IOs available in the device
I2088: Phase 4, elapsed time : 0.2 (sec)

Phase 5
I2088: Phase 5, elapsed time : 0.0 (sec)

Phase 6
I2088: Phase 6, elapsed time : 7.7 (sec)

Final Design Statistics
    Number of LUTs      	:	41
    Number of DFFs      	:	33
    Number of DFFs packed to IO	:	1
    Number of Carrys    	:	0
    Number of RAMs      	:	0
    Number of ROMs      	:	0
    Number of IOs       	:	6
    Number of GBIOs     	:	0
    Number of GBs       	:	1
    Number of WarmBoot  	:	0
    Number of PLLs      	:	1
    Number of I2Cs      	:	0
    Number of SPIs      	:	0
    Number of DSPs     	:	0
    Number of SBIOODs     	:	0
    Number of LEDDAIPs     	:	0
    Number of RGBADRVs     	:	0
    Number of LFOSCs     	:	0
    Number of HFOSCs     	:	0
    Number of FILTER_50NSs     	:	0
    Number of SPRAMs     	:	0

Device Utilization Summary
    LogicCells                  :	41/5280
    PLBs                        :	11/660
    BRAMs                       :	0/30
    IOs and GBIOs               :	6/36
    PLLs                        :	1/1
    I2Cs                        :	0/2
    SPIs                        :	0/2
    DSPs                        :	0/8
    SBIOODs                     :	0/3
    RGBADRVs                    :	0/1
    LEDDAIPs                    :	0/1
    LFOSCs                      :	0/1
    HFOSCs                      :	0/1
    SPRAMs                      :	0/4
    FILTER50NSs                 :	0/2



#####################################################################
Placement Timing Summary

The timing summary is based on estimated routing delays after
placement. For final timing report, please carry out the timing
analysis after routing.
=====================================================================

#####################################################################
                     Clock Summary 
=====================================================================
Number of clocks: 3
Clock: SPI_TEST_MODULE|clk | Frequency: N/A | Target: 12.00 MHz
Clock: mypll_inst.mypll_inst/PLLOUTCORE | Frequency: 139.80 MHz | Target: 48.00 MHz
Clock: mypll_inst.mypll_inst/PLLOUTGLOBAL | Frequency: N/A | Target: 48.00 MHz

=====================================================================
                     End of Clock Summary
#####################################################################

I2054: Placement of design completed successfully

I2076: Placer run-time: 8.6 sec.

