Running in Lattice mode

Starting:    D:\ICEcube2\synpbase\bin64\mbin\synplify.exe
Install:     D:\ICEcube2\synpbase
Hostname:    LAPTOP-6PH9H3C7
Date:        Thu Jan 18 17:28:43 2018
Version:     L-2016.09L+ice40

Arguments:   -product synplify_pro Blinky_syn.prj
ProductType: synplify_pro




Copied D:\ICEcube2\sbt_backend\Projects\Blinky\Blinky_Implmnt\Blinky.srr to D:\ICEcube2\sbt_backend\Projects\Blinky\Blinky_Implmnt\backup\Blinky.srr
log file: "D:\ICEcube2\sbt_backend\Projects\Blinky\Blinky_Implmnt\Blinky.srr"
Running: Blinky_Implmnt in foreground

Running Blinky_syn|Blinky_Implmnt

Running: compile (Compile) on Blinky_syn|Blinky_Implmnt
# Thu Jan 18 17:28:43 2018

Running: compile_flow (Compile Process) on Blinky_syn|Blinky_Implmnt
# Thu Jan 18 17:28:43 2018

Running: compiler (Compile Input) on Blinky_syn|Blinky_Implmnt
# Thu Jan 18 17:28:43 2018
Copied D:\ICEcube2\sbt_backend\Projects\Blinky\Blinky_Implmnt\synwork\Blinky_comp.srs to D:\ICEcube2\sbt_backend\Projects\Blinky\Blinky_Implmnt\Blinky.srs

compiler completed
# Thu Jan 18 17:28:45 2018

Return Code: 0
Run Time:00h:00m:02s

Running: multi_srs_gen (Multi-srs Generator) on Blinky_syn|Blinky_Implmnt
# Thu Jan 18 17:28:45 2018

multi_srs_gen completed
# Thu Jan 18 17:28:45 2018

Return Code: 0
Run Time:00h:00m:00s
Copied D:\ICEcube2\sbt_backend\Projects\Blinky\Blinky_Implmnt\synwork\Blinky_mult.srs to D:\ICEcube2\sbt_backend\Projects\Blinky\Blinky_Implmnt\Blinky.srs
Complete: Compile Process on Blinky_syn|Blinky_Implmnt

Running: premap (Pre-mapping) on Blinky_syn|Blinky_Implmnt
# Thu Jan 18 17:28:45 2018

premap completed with warnings
# Thu Jan 18 17:28:45 2018

Return Code: 1
Run Time:00h:00m:00s
Complete: Compile on Blinky_syn|Blinky_Implmnt

Running: map (Map) on Blinky_syn|Blinky_Implmnt
# Thu Jan 18 17:28:45 2018

Running: fpga_mapper (Map & Optimize) on Blinky_syn|Blinky_Implmnt
# Thu Jan 18 17:28:45 2018
Copied D:\ICEcube2\sbt_backend\Projects\Blinky\Blinky_Implmnt\synwork\Blinky_m.srm to D:\ICEcube2\sbt_backend\Projects\Blinky\Blinky_Implmnt\Blinky.srm

fpga_mapper completed with warnings
# Thu Jan 18 17:28:46 2018

Return Code: 1
Run Time:00h:00m:01s
Complete: Map on Blinky_syn|Blinky_Implmnt
Complete: Logic Synthesis on Blinky_syn|Blinky_Implmnt
New HDL Analyst: enabled
Loaded XDM (Hierarchy) data base - elapsed time 0:0 Blocks=1
@N Implementation 'D:\ICEcube2\sbt_backend\Projects\Blinky\Blinky_syn.prj|Blinky_Implmnt' design hierarchy loaded from database
log file: "D:\ICEcube2\sbt_backend\Projects\Blinky\Blinky_Implmnt\Blinky.srr"
Running: Blinky_Implmnt in foreground

Running Blinky_syn|Blinky_Implmnt

Running: compile (Compile) on Blinky_syn|Blinky_Implmnt
# Thu Jan 18 17:30:31 2018

Running: compile_flow (Compile Process) on Blinky_syn|Blinky_Implmnt
# Thu Jan 18 17:30:31 2018

Running: compiler (Compile Input) on Blinky_syn|Blinky_Implmnt
# Thu Jan 18 17:30:31 2018
Copied D:\ICEcube2\sbt_backend\Projects\Blinky\Blinky_Implmnt\synwork\Blinky_comp.srs to D:\ICEcube2\sbt_backend\Projects\Blinky\Blinky_Implmnt\Blinky.srs

compiler completed
# Thu Jan 18 17:30:32 2018

Return Code: 0
Run Time:00h:00m:01s

Running: multi_srs_gen (Multi-srs Generator) on Blinky_syn|Blinky_Implmnt
# Thu Jan 18 17:30:32 2018

multi_srs_gen completed
# Thu Jan 18 17:30:32 2018

Return Code: 0
Run Time:00h:00m:00s
Copied D:\ICEcube2\sbt_backend\Projects\Blinky\Blinky_Implmnt\synwork\Blinky_mult.srs to D:\ICEcube2\sbt_backend\Projects\Blinky\Blinky_Implmnt\Blinky.srs
Complete: Compile Process on Blinky_syn|Blinky_Implmnt

Running: premap (Pre-mapping) on Blinky_syn|Blinky_Implmnt
# Thu Jan 18 17:30:32 2018

premap completed with warnings
# Thu Jan 18 17:30:33 2018

Return Code: 1
Run Time:00h:00m:01s
Complete: Compile on Blinky_syn|Blinky_Implmnt

Running: map (Map) on Blinky_syn|Blinky_Implmnt
# Thu Jan 18 17:30:33 2018

Running: fpga_mapper (Map & Optimize) on Blinky_syn|Blinky_Implmnt
# Thu Jan 18 17:30:33 2018
Copied D:\ICEcube2\sbt_backend\Projects\Blinky\Blinky_Implmnt\synwork\Blinky_m.srm to D:\ICEcube2\sbt_backend\Projects\Blinky\Blinky_Implmnt\Blinky.srm

fpga_mapper completed with warnings
# Thu Jan 18 17:30:34 2018

Return Code: 1
Run Time:00h:00m:01s
Complete: Map on Blinky_syn|Blinky_Implmnt
Complete: Logic Synthesis on Blinky_syn|Blinky_Implmnt
exit status=0
