---------------------------------------
Resource Usage Report for SPI_TEST_MODULE 

Mapping to part: ice40up5ksg48
Cell usage:
GND             2 uses
SB_DFF          10 uses
SB_DFFE         24 uses
SB_GB           1 use
VCC             2 uses
SB_LUT4         19 uses

I/O ports: 7
I/O primitives: 7
SB_IO          6 uses
SB_PLL40_PAD   1 use

I/O Register bits:                  0
Register bits not including I/Os:   34 (0%)

@S |Mapping Summary:
Total  LUTs: 19 (0%)

Distribution of All Consumed LUTs = LUT4 
Distribution of All Consumed Luts 19 = 19 

